<?xml version="1.0" encoding="UTF-8"?>
<testng-results total="2" passed="2" failed="0" skipped="0">
  <reporter-output>
  </reporter-output>
  <suite started-at="2020-08-05T20:59:37Z" name="Default suite" finished-at="2020-08-05T20:59:48Z" duration-ms="11634">
    <groups>
    </groups>
    <test started-at="2020-08-05T20:59:37Z" name="Default test" finished-at="2020-08-05T20:59:48Z" duration-ms="11634">
      <class name="org.selenide.GoogleTest">
        <test-method signature="CreateNewCustomer()[pri:0, instance:org.selenide.GoogleTest@46d9aec8]" started-at="2020-08-05T23:59:37Z" name="CreateNewCustomer" finished-at="2020-08-05T23:59:44Z" duration-ms="7569" status="PASS">
          <reporter-output>
          </reporter-output>
        </test-method> <!-- CreateNewCustomer -->
        <test-method signature="userCanSearchKeywordWithDemoGuru99()[pri:0, instance:org.selenide.GoogleTest@46d9aec8]" started-at="2020-08-05T23:59:45Z" name="userCanSearchKeywordWithDemoGuru99" finished-at="2020-08-05T23:59:48Z" duration-ms="3772" status="PASS">
          <reporter-output>
          </reporter-output>
        </test-method> <!-- userCanSearchKeywordWithDemoGuru99 -->
      </class> <!-- org.selenide.GoogleTest -->
    </test> <!-- Default test -->
  </suite> <!-- Default suite -->
</testng-results>
