<?xml version="1.0" encoding="UTF-8"?>
<testng-results total="1" passed="1" failed="0" skipped="0">
  <reporter-output>
  </reporter-output>
  <suite started-at="2020-07-21T19:16:51Z" name="Suite" finished-at="2020-07-21T19:17:01Z" duration-ms="9655">
    <groups>
    </groups>
    <test started-at="2020-07-21T19:16:51Z" name="Test" finished-at="2020-07-21T19:17:01Z" duration-ms="9655">
      <class name="org.selenide.GoogleTest">
        <test-method signature="userCanSearchKeywordWithGoogle()[pri:0, instance:org.selenide.GoogleTest@37c2eacb]" started-at="2020-07-21T22:16:51Z" name="userCanSearchKeywordWithGoogle" finished-at="2020-07-21T22:17:01Z" duration-ms="9496" status="PASS">
          <reporter-output>
          </reporter-output>
        </test-method> <!-- userCanSearchKeywordWithGoogle -->
      </class> <!-- org.selenide.GoogleTest -->
    </test> <!-- Test -->
  </suite> <!-- Suite -->
</testng-results>
